{"/Users/spooky/projects/trunkWorkshop/sailsSample/api/responses/badRequest.js":{"path":"/Users/spooky/projects/trunkWorkshop/sailsSample/api/responses/badRequest.js","s":{"1":1,"2":0,"3":0,"4":0,"5":0,"6":0,"7":0,"8":0,"9":0,"10":0,"11":0,"12":0,"13":0,"14":0,"15":0,"16":0,"17":0},"b":{"1":[0,0],"2":[0,0],"3":[0,0],"4":[0,0],"5":[0,0],"6":[0,0]},"f":{"1":0,"2":0},"fnMap":{"1":{"name":"badRequest","line":20,"loc":{"start":{"line":20,"column":17},"end":{"line":20,"column":52}}},"2":{"name":"couldNotGuessView","line":60,"loc":{"start":{"line":60,"column":44},"end":{"line":60,"column":73}}}},"statementMap":{"1":{"start":{"line":20,"column":0},"end":{"line":63,"column":2}},"2":{"start":{"line":23,"column":2},"end":{"line":23,"column":21}},"3":{"start":{"line":24,"column":2},"end":{"line":24,"column":21}},"4":{"start":{"line":25,"column":2},"end":{"line":25,"column":25}},"5":{"start":{"line":28,"column":2},"end":{"line":28,"column":18}},"6":{"start":{"line":31,"column":2},"end":{"line":33,"column":67}},"7":{"start":{"line":32,"column":4},"end":{"line":32,"column":72}},"8":{"start":{"line":33,"column":9},"end":{"line":33,"column":67}},"9":{"start":{"line":38,"column":2},"end":{"line":40,"column":3}},"10":{"start":{"line":39,"column":4},"end":{"line":39,"column":21}},"11":{"start":{"line":43,"column":2},"end":{"line":45,"column":3}},"12":{"start":{"line":44,"column":4},"end":{"line":44,"column":27}},"13":{"start":{"line":49,"column":2},"end":{"line":49,"column":76}},"14":{"start":{"line":54,"column":2},"end":{"line":62,"column":7}},"15":{"start":{"line":55,"column":4},"end":{"line":55,"column":50}},"16":{"start":{"line":60,"column":7},"end":{"line":62,"column":7}},"17":{"start":{"line":61,"column":6},"end":{"line":61,"column":29}}},"branchMap":{"1":{"line":31,"type":"if","locations":[{"start":{"line":31,"column":2},"end":{"line":31,"column":2}},{"start":{"line":31,"column":2},"end":{"line":31,"column":2}}]},"2":{"line":38,"type":"if","locations":[{"start":{"line":38,"column":2},"end":{"line":38,"column":2}},{"start":{"line":38,"column":2},"end":{"line":38,"column":2}}]},"3":{"line":43,"type":"if","locations":[{"start":{"line":43,"column":2},"end":{"line":43,"column":2}},{"start":{"line":43,"column":2},"end":{"line":43,"column":2}}]},"4":{"line":49,"type":"cond-expr","locations":[{"start":{"line":49,"column":42},"end":{"line":49,"column":59}},{"start":{"line":49,"column":62},"end":{"line":49,"column":75}}]},"5":{"line":49,"type":"binary-expr","locations":[{"start":{"line":49,"column":62},"end":{"line":49,"column":69}},{"start":{"line":49,"column":73},"end":{"line":49,"column":75}}]},"6":{"line":54,"type":"if","locations":[{"start":{"line":54,"column":2},"end":{"line":54,"column":2}},{"start":{"line":54,"column":2},"end":{"line":54,"column":2}}]}}},"/Users/spooky/projects/trunkWorkshop/sailsSample/api/responses/forbidden.js":{"path":"/Users/spooky/projects/trunkWorkshop/sailsSample/api/responses/forbidden.js","s":{"1":1,"2":0,"3":0,"4":0,"5":0,"6":0,"7":0,"8":0,"9":0,"10":0,"11":0,"12":0,"13":0,"14":0,"15":0,"16":0,"17":0,"18":0,"19":0,"20":0,"21":0,"22":0},"b":{"1":[0,0],"2":[0,0],"3":[0,0],"4":[0,0],"5":[0,0],"6":[0,0],"7":[0,0],"8":[0,0]},"f":{"1":0,"2":0},"fnMap":{"1":{"name":"forbidden","line":17,"loc":{"start":{"line":17,"column":17},"end":{"line":17,"column":51}}},"2":{"name":"(anonymous_2)","line":57,"loc":{"start":{"line":57,"column":46},"end":{"line":57,"column":67}}}},"statementMap":{"1":{"start":{"line":17,"column":0},"end":{"line":76,"column":2}},"2":{"start":{"line":20,"column":2},"end":{"line":20,"column":21}},"3":{"start":{"line":21,"column":2},"end":{"line":21,"column":21}},"4":{"start":{"line":22,"column":2},"end":{"line":22,"column":25}},"5":{"start":{"line":25,"column":2},"end":{"line":25,"column":18}},"6":{"start":{"line":28,"column":2},"end":{"line":30,"column":65}},"7":{"start":{"line":29,"column":4},"end":{"line":29,"column":70}},"8":{"start":{"line":30,"column":9},"end":{"line":30,"column":65}},"9":{"start":{"line":35,"column":2},"end":{"line":37,"column":3}},"10":{"start":{"line":36,"column":4},"end":{"line":36,"column":21}},"11":{"start":{"line":40,"column":2},"end":{"line":42,"column":3}},"12":{"start":{"line":41,"column":4},"end":{"line":41,"column":27}},"13":{"start":{"line":46,"column":2},"end":{"line":46,"column":76}},"14":{"start":{"line":51,"column":2},"end":{"line":75,"column":7}},"15":{"start":{"line":52,"column":4},"end":{"line":52,"column":50}},"16":{"start":{"line":57,"column":7},"end":{"line":75,"column":7}},"17":{"start":{"line":60,"column":6},"end":{"line":72,"column":7}},"18":{"start":{"line":64,"column":8},"end":{"line":70,"column":11}},"19":{"start":{"line":65,"column":10},"end":{"line":65,"column":127}},"20":{"start":{"line":69,"column":12},"end":{"line":69,"column":149}},"21":{"start":{"line":71,"column":8},"end":{"line":71,"column":31}},"22":{"start":{"line":74,"column":6},"end":{"line":74,"column":28}}},"branchMap":{"1":{"line":28,"type":"if","locations":[{"start":{"line":28,"column":2},"end":{"line":28,"column":2}},{"start":{"line":28,"column":2},"end":{"line":28,"column":2}}]},"2":{"line":35,"type":"if","locations":[{"start":{"line":35,"column":2},"end":{"line":35,"column":2}},{"start":{"line":35,"column":2},"end":{"line":35,"column":2}}]},"3":{"line":40,"type":"if","locations":[{"start":{"line":40,"column":2},"end":{"line":40,"column":2}},{"start":{"line":40,"column":2},"end":{"line":40,"column":2}}]},"4":{"line":46,"type":"cond-expr","locations":[{"start":{"line":46,"column":42},"end":{"line":46,"column":59}},{"start":{"line":46,"column":62},"end":{"line":46,"column":75}}]},"5":{"line":46,"type":"binary-expr","locations":[{"start":{"line":46,"column":62},"end":{"line":46,"column":69}},{"start":{"line":46,"column":73},"end":{"line":46,"column":75}}]},"6":{"line":51,"type":"if","locations":[{"start":{"line":51,"column":2},"end":{"line":51,"column":2}},{"start":{"line":51,"column":2},"end":{"line":51,"column":2}}]},"7":{"line":60,"type":"if","locations":[{"start":{"line":60,"column":6},"end":{"line":60,"column":6}},{"start":{"line":60,"column":6},"end":{"line":60,"column":6}}]},"8":{"line":64,"type":"if","locations":[{"start":{"line":64,"column":8},"end":{"line":64,"column":8}},{"start":{"line":64,"column":8},"end":{"line":64,"column":8}}]}}},"/Users/spooky/projects/trunkWorkshop/sailsSample/api/responses/notFound.js":{"path":"/Users/spooky/projects/trunkWorkshop/sailsSample/api/responses/notFound.js","s":{"1":1,"2":0,"3":0,"4":0,"5":0,"6":0,"7":0,"8":0,"9":0,"10":0,"11":0,"12":0,"13":0,"14":0,"15":0,"16":0,"17":0,"18":0,"19":0,"20":0,"21":0,"22":0},"b":{"1":[0,0],"2":[0,0],"3":[0,0],"4":[0,0],"5":[0,0],"6":[0,0],"7":[0,0],"8":[0,0]},"f":{"1":0,"2":0},"fnMap":{"1":{"name":"notFound","line":22,"loc":{"start":{"line":22,"column":17},"end":{"line":22,"column":50}}},"2":{"name":"(anonymous_2)","line":62,"loc":{"start":{"line":62,"column":46},"end":{"line":62,"column":67}}}},"statementMap":{"1":{"start":{"line":22,"column":0},"end":{"line":81,"column":2}},"2":{"start":{"line":25,"column":2},"end":{"line":25,"column":21}},"3":{"start":{"line":26,"column":2},"end":{"line":26,"column":21}},"4":{"start":{"line":27,"column":2},"end":{"line":27,"column":25}},"5":{"start":{"line":30,"column":2},"end":{"line":30,"column":18}},"6":{"start":{"line":33,"column":2},"end":{"line":35,"column":65}},"7":{"start":{"line":34,"column":4},"end":{"line":34,"column":70}},"8":{"start":{"line":35,"column":9},"end":{"line":35,"column":65}},"9":{"start":{"line":40,"column":2},"end":{"line":42,"column":3}},"10":{"start":{"line":41,"column":4},"end":{"line":41,"column":21}},"11":{"start":{"line":45,"column":2},"end":{"line":47,"column":3}},"12":{"start":{"line":46,"column":4},"end":{"line":46,"column":27}},"13":{"start":{"line":51,"column":2},"end":{"line":51,"column":76}},"14":{"start":{"line":56,"column":2},"end":{"line":80,"column":7}},"15":{"start":{"line":57,"column":4},"end":{"line":57,"column":50}},"16":{"start":{"line":62,"column":7},"end":{"line":80,"column":7}},"17":{"start":{"line":65,"column":6},"end":{"line":77,"column":7}},"18":{"start":{"line":69,"column":8},"end":{"line":75,"column":11}},"19":{"start":{"line":70,"column":10},"end":{"line":70,"column":126}},"20":{"start":{"line":74,"column":12},"end":{"line":74,"column":148}},"21":{"start":{"line":76,"column":8},"end":{"line":76,"column":31}},"22":{"start":{"line":79,"column":6},"end":{"line":79,"column":28}}},"branchMap":{"1":{"line":33,"type":"if","locations":[{"start":{"line":33,"column":2},"end":{"line":33,"column":2}},{"start":{"line":33,"column":2},"end":{"line":33,"column":2}}]},"2":{"line":40,"type":"if","locations":[{"start":{"line":40,"column":2},"end":{"line":40,"column":2}},{"start":{"line":40,"column":2},"end":{"line":40,"column":2}}]},"3":{"line":45,"type":"if","locations":[{"start":{"line":45,"column":2},"end":{"line":45,"column":2}},{"start":{"line":45,"column":2},"end":{"line":45,"column":2}}]},"4":{"line":51,"type":"cond-expr","locations":[{"start":{"line":51,"column":42},"end":{"line":51,"column":59}},{"start":{"line":51,"column":62},"end":{"line":51,"column":75}}]},"5":{"line":51,"type":"binary-expr","locations":[{"start":{"line":51,"column":62},"end":{"line":51,"column":69}},{"start":{"line":51,"column":73},"end":{"line":51,"column":75}}]},"6":{"line":56,"type":"if","locations":[{"start":{"line":56,"column":2},"end":{"line":56,"column":2}},{"start":{"line":56,"column":2},"end":{"line":56,"column":2}}]},"7":{"line":65,"type":"if","locations":[{"start":{"line":65,"column":6},"end":{"line":65,"column":6}},{"start":{"line":65,"column":6},"end":{"line":65,"column":6}}]},"8":{"line":69,"type":"if","locations":[{"start":{"line":69,"column":8},"end":{"line":69,"column":8}},{"start":{"line":69,"column":8},"end":{"line":69,"column":8}}]}}},"/Users/spooky/projects/trunkWorkshop/sailsSample/api/responses/ok.js":{"path":"/Users/spooky/projects/trunkWorkshop/sailsSample/api/responses/ok.js","s":{"1":1,"2":0,"3":0,"4":0,"5":0,"6":0,"7":0,"8":0,"9":0,"10":0,"11":0,"12":0,"13":0},"b":{"1":[0,0],"2":[0,0],"3":[0,0],"4":[0,0]},"f":{"1":0,"2":0},"fnMap":{"1":{"name":"sendOK","line":16,"loc":{"start":{"line":16,"column":17},"end":{"line":16,"column":48}}},"2":{"name":"couldNotGuessView","line":46,"loc":{"start":{"line":46,"column":44},"end":{"line":46,"column":73}}}},"statementMap":{"1":{"start":{"line":16,"column":0},"end":{"line":49,"column":2}},"2":{"start":{"line":19,"column":2},"end":{"line":19,"column":21}},"3":{"start":{"line":20,"column":2},"end":{"line":20,"column":21}},"4":{"start":{"line":21,"column":2},"end":{"line":21,"column":25}},"5":{"start":{"line":23,"column":2},"end":{"line":23,"column":61}},"6":{"start":{"line":26,"column":2},"end":{"line":26,"column":18}},"7":{"start":{"line":29,"column":2},"end":{"line":31,"column":3}},"8":{"start":{"line":30,"column":4},"end":{"line":30,"column":27}},"9":{"start":{"line":35,"column":2},"end":{"line":35,"column":76}},"10":{"start":{"line":40,"column":2},"end":{"line":48,"column":7}},"11":{"start":{"line":41,"column":4},"end":{"line":41,"column":50}},"12":{"start":{"line":46,"column":7},"end":{"line":48,"column":7}},"13":{"start":{"line":47,"column":6},"end":{"line":47,"column":29}}},"branchMap":{"1":{"line":29,"type":"if","locations":[{"start":{"line":29,"column":2},"end":{"line":29,"column":2}},{"start":{"line":29,"column":2},"end":{"line":29,"column":2}}]},"2":{"line":35,"type":"cond-expr","locations":[{"start":{"line":35,"column":42},"end":{"line":35,"column":59}},{"start":{"line":35,"column":62},"end":{"line":35,"column":75}}]},"3":{"line":35,"type":"binary-expr","locations":[{"start":{"line":35,"column":62},"end":{"line":35,"column":69}},{"start":{"line":35,"column":73},"end":{"line":35,"column":75}}]},"4":{"line":40,"type":"if","locations":[{"start":{"line":40,"column":2},"end":{"line":40,"column":2}},{"start":{"line":40,"column":2},"end":{"line":40,"column":2}}]}}},"/Users/spooky/projects/trunkWorkshop/sailsSample/api/responses/serverError.js":{"path":"/Users/spooky/projects/trunkWorkshop/sailsSample/api/responses/serverError.js","s":{"1":1,"2":0,"3":0,"4":0,"5":0,"6":0,"7":0,"8":0,"9":0,"10":0,"11":0,"12":0,"13":0,"14":0,"15":0,"16":0,"17":0,"18":0,"19":0,"20":0,"21":0,"22":0},"b":{"1":[0,0],"2":[0,0],"3":[0,0],"4":[0,0],"5":[0,0],"6":[0,0],"7":[0,0],"8":[0,0]},"f":{"1":0,"2":0},"fnMap":{"1":{"name":"serverError","line":17,"loc":{"start":{"line":17,"column":17},"end":{"line":17,"column":53}}},"2":{"name":"(anonymous_2)","line":57,"loc":{"start":{"line":57,"column":46},"end":{"line":57,"column":67}}}},"statementMap":{"1":{"start":{"line":17,"column":0},"end":{"line":76,"column":2}},"2":{"start":{"line":20,"column":2},"end":{"line":20,"column":21}},"3":{"start":{"line":21,"column":2},"end":{"line":21,"column":21}},"4":{"start":{"line":22,"column":2},"end":{"line":22,"column":25}},"5":{"start":{"line":25,"column":2},"end":{"line":25,"column":18}},"6":{"start":{"line":28,"column":2},"end":{"line":30,"column":72}},"7":{"start":{"line":29,"column":4},"end":{"line":29,"column":71}},"8":{"start":{"line":30,"column":9},"end":{"line":30,"column":72}},"9":{"start":{"line":35,"column":2},"end":{"line":37,"column":3}},"10":{"start":{"line":36,"column":4},"end":{"line":36,"column":21}},"11":{"start":{"line":40,"column":2},"end":{"line":42,"column":3}},"12":{"start":{"line":41,"column":4},"end":{"line":41,"column":27}},"13":{"start":{"line":46,"column":2},"end":{"line":46,"column":76}},"14":{"start":{"line":51,"column":2},"end":{"line":75,"column":7}},"15":{"start":{"line":52,"column":4},"end":{"line":52,"column":50}},"16":{"start":{"line":57,"column":7},"end":{"line":75,"column":7}},"17":{"start":{"line":60,"column":6},"end":{"line":72,"column":7}},"18":{"start":{"line":64,"column":8},"end":{"line":70,"column":11}},"19":{"start":{"line":65,"column":10},"end":{"line":65,"column":129}},"20":{"start":{"line":69,"column":12},"end":{"line":69,"column":151}},"21":{"start":{"line":71,"column":8},"end":{"line":71,"column":31}},"22":{"start":{"line":74,"column":6},"end":{"line":74,"column":28}}},"branchMap":{"1":{"line":28,"type":"if","locations":[{"start":{"line":28,"column":2},"end":{"line":28,"column":2}},{"start":{"line":28,"column":2},"end":{"line":28,"column":2}}]},"2":{"line":35,"type":"if","locations":[{"start":{"line":35,"column":2},"end":{"line":35,"column":2}},{"start":{"line":35,"column":2},"end":{"line":35,"column":2}}]},"3":{"line":40,"type":"if","locations":[{"start":{"line":40,"column":2},"end":{"line":40,"column":2}},{"start":{"line":40,"column":2},"end":{"line":40,"column":2}}]},"4":{"line":46,"type":"cond-expr","locations":[{"start":{"line":46,"column":42},"end":{"line":46,"column":59}},{"start":{"line":46,"column":62},"end":{"line":46,"column":75}}]},"5":{"line":46,"type":"binary-expr","locations":[{"start":{"line":46,"column":62},"end":{"line":46,"column":69}},{"start":{"line":46,"column":73},"end":{"line":46,"column":75}}]},"6":{"line":51,"type":"if","locations":[{"start":{"line":51,"column":2},"end":{"line":51,"column":2}},{"start":{"line":51,"column":2},"end":{"line":51,"column":2}}]},"7":{"line":60,"type":"if","locations":[{"start":{"line":60,"column":6},"end":{"line":60,"column":6}},{"start":{"line":60,"column":6},"end":{"line":60,"column":6}}]},"8":{"line":64,"type":"if","locations":[{"start":{"line":64,"column":8},"end":{"line":64,"column":8}},{"start":{"line":64,"column":8},"end":{"line":64,"column":8}}]}}},"/Users/spooky/projects/trunkWorkshop/sailsSample/api/policies/sessionAuth.js":{"path":"/Users/spooky/projects/trunkWorkshop/sailsSample/api/policies/sessionAuth.js","s":{"1":1,"2":0,"3":0,"4":0},"b":{"1":[0,0]},"f":{"1":0},"fnMap":{"1":{"name":"(anonymous_1)","line":12,"loc":{"start":{"line":12,"column":17},"end":{"line":12,"column":43}}}},"statementMap":{"1":{"start":{"line":12,"column":0},"end":{"line":23,"column":2}},"2":{"start":{"line":16,"column":2},"end":{"line":18,"column":3}},"3":{"start":{"line":17,"column":4},"end":{"line":17,"column":18}},"4":{"start":{"line":22,"column":2},"end":{"line":22,"column":72}}},"branchMap":{"1":{"line":16,"type":"if","locations":[{"start":{"line":16,"column":2},"end":{"line":16,"column":2}},{"start":{"line":16,"column":2},"end":{"line":16,"column":2}}]}}},"/Users/spooky/projects/trunkWorkshop/sailsSample/api/models/User.js":{"path":"/Users/spooky/projects/trunkWorkshop/sailsSample/api/models/User.js","s":{"1":1},"b":{},"f":{"1":1},"fnMap":{"1":{"name":"associations","line":13,"loc":{"start":{"line":13,"column":16},"end":{"line":13,"column":40}}}},"statementMap":{"1":{"start":{"line":3,"column":0},"end":{"line":19,"column":2}}},"branchMap":{}}}