TN:
SF:/Users/spooky/projects/trunkWorkshop/sailsSample/api/responses/badRequest.js
FN:20,badRequest
FN:60,couldNotGuessView
FNF:2
FNH:0
FNDA:0,badRequest
FNDA:0,couldNotGuessView
DA:20,1
DA:23,0
DA:24,0
DA:25,0
DA:28,0
DA:31,0
DA:32,0
DA:33,0
DA:38,0
DA:39,0
DA:43,0
DA:44,0
DA:49,0
DA:54,0
DA:55,0
DA:60,0
DA:61,0
LF:17
LH:1
BRDA:31,1,0,0
BRDA:31,1,1,0
BRDA:38,2,0,0
BRDA:38,2,1,0
BRDA:43,3,0,0
BRDA:43,3,1,0
BRDA:49,4,0,0
BRDA:49,4,1,0
BRDA:49,5,0,0
BRDA:49,5,1,0
BRDA:54,6,0,0
BRDA:54,6,1,0
BRF:12
BRH:0
end_of_record
TN:
SF:/Users/spooky/projects/trunkWorkshop/sailsSample/api/responses/forbidden.js
FN:17,forbidden
FN:57,(anonymous_2)
FNF:2
FNH:0
FNDA:0,forbidden
FNDA:0,(anonymous_2)
DA:17,1
DA:20,0
DA:21,0
DA:22,0
DA:25,0
DA:28,0
DA:29,0
DA:30,0
DA:35,0
DA:36,0
DA:40,0
DA:41,0
DA:46,0
DA:51,0
DA:52,0
DA:57,0
DA:60,0
DA:64,0
DA:65,0
DA:69,0
DA:71,0
DA:74,0
LF:22
LH:1
BRDA:28,1,0,0
BRDA:28,1,1,0
BRDA:35,2,0,0
BRDA:35,2,1,0
BRDA:40,3,0,0
BRDA:40,3,1,0
BRDA:46,4,0,0
BRDA:46,4,1,0
BRDA:46,5,0,0
BRDA:46,5,1,0
BRDA:51,6,0,0
BRDA:51,6,1,0
BRDA:60,7,0,0
BRDA:60,7,1,0
BRDA:64,8,0,0
BRDA:64,8,1,0
BRF:16
BRH:0
end_of_record
TN:
SF:/Users/spooky/projects/trunkWorkshop/sailsSample/api/responses/notFound.js
FN:22,notFound
FN:62,(anonymous_2)
FNF:2
FNH:0
FNDA:0,notFound
FNDA:0,(anonymous_2)
DA:22,1
DA:25,0
DA:26,0
DA:27,0
DA:30,0
DA:33,0
DA:34,0
DA:35,0
DA:40,0
DA:41,0
DA:45,0
DA:46,0
DA:51,0
DA:56,0
DA:57,0
DA:62,0
DA:65,0
DA:69,0
DA:70,0
DA:74,0
DA:76,0
DA:79,0
LF:22
LH:1
BRDA:33,1,0,0
BRDA:33,1,1,0
BRDA:40,2,0,0
BRDA:40,2,1,0
BRDA:45,3,0,0
BRDA:45,3,1,0
BRDA:51,4,0,0
BRDA:51,4,1,0
BRDA:51,5,0,0
BRDA:51,5,1,0
BRDA:56,6,0,0
BRDA:56,6,1,0
BRDA:65,7,0,0
BRDA:65,7,1,0
BRDA:69,8,0,0
BRDA:69,8,1,0
BRF:16
BRH:0
end_of_record
TN:
SF:/Users/spooky/projects/trunkWorkshop/sailsSample/api/responses/ok.js
FN:16,sendOK
FN:46,couldNotGuessView
FNF:2
FNH:0
FNDA:0,sendOK
FNDA:0,couldNotGuessView
DA:16,1
DA:19,0
DA:20,0
DA:21,0
DA:23,0
DA:26,0
DA:29,0
DA:30,0
DA:35,0
DA:40,0
DA:41,0
DA:46,0
DA:47,0
LF:13
LH:1
BRDA:29,1,0,0
BRDA:29,1,1,0
BRDA:35,2,0,0
BRDA:35,2,1,0
BRDA:35,3,0,0
BRDA:35,3,1,0
BRDA:40,4,0,0
BRDA:40,4,1,0
BRF:8
BRH:0
end_of_record
TN:
SF:/Users/spooky/projects/trunkWorkshop/sailsSample/api/responses/serverError.js
FN:17,serverError
FN:57,(anonymous_2)
FNF:2
FNH:0
FNDA:0,serverError
FNDA:0,(anonymous_2)
DA:17,1
DA:20,0
DA:21,0
DA:22,0
DA:25,0
DA:28,0
DA:29,0
DA:30,0
DA:35,0
DA:36,0
DA:40,0
DA:41,0
DA:46,0
DA:51,0
DA:52,0
DA:57,0
DA:60,0
DA:64,0
DA:65,0
DA:69,0
DA:71,0
DA:74,0
LF:22
LH:1
BRDA:28,1,0,0
BRDA:28,1,1,0
BRDA:35,2,0,0
BRDA:35,2,1,0
BRDA:40,3,0,0
BRDA:40,3,1,0
BRDA:46,4,0,0
BRDA:46,4,1,0
BRDA:46,5,0,0
BRDA:46,5,1,0
BRDA:51,6,0,0
BRDA:51,6,1,0
BRDA:60,7,0,0
BRDA:60,7,1,0
BRDA:64,8,0,0
BRDA:64,8,1,0
BRF:16
BRH:0
end_of_record
TN:
SF:/Users/spooky/projects/trunkWorkshop/sailsSample/api/policies/sessionAuth.js
FN:12,(anonymous_1)
FNF:1
FNH:0
FNDA:0,(anonymous_1)
DA:12,1
DA:16,0
DA:17,0
DA:22,0
LF:4
LH:1
BRDA:16,1,0,0
BRDA:16,1,1,0
BRF:2
BRH:0
end_of_record
TN:
SF:/Users/spooky/projects/trunkWorkshop/sailsSample/api/models/User.js
FN:13,associations
FNF:1
FNH:1
FNDA:1,associations
DA:3,1
LF:1
LH:1
BRF:0
BRH:0
end_of_record
